<?xml version="1.0" encoding="UTF-8"?>
<!-- Generated by org.testng.reporters.JUnitReportReporter -->
<testsuite hostname="tien" failures="0" tests="3" name="DAO.DAO.DAO.NhanVienDaoTest" time="0.429" errors="0" timestamp="2024-04-10T11:51:15 ICT" skipped="0">
  <testcase classname="DAO.DAO.DAO.NhanVienDaoTest" name="testSelectAll" time="0.023"/>
  <system-out/>
  <testcase classname="DAO.DAO.DAO.NhanVienDaoTest" name="testDelete" time="0.380"/>
  <system-out/>
  <testcase classname="DAO.DAO.DAO.NhanVienDaoTest" name="testFindById" time="0.026"/>
  <system-out/>
</testsuite> <!-- DAO.DAO.DAO.NhanVienDaoTest -->
