<?xml version="1.0" encoding="UTF-8"?>
<!-- Generated by org.testng.reporters.JUnitReportReporter -->
<testsuite hostname="tien" failures="0" tests="5" name="DAO.DAO.DAO.KhachHangDaoTest" time="0.663" errors="0" timestamp="2024-04-13T20:37:07 ICT" skipped="0">
  <testcase classname="DAO.DAO.DAO.KhachHangDaoTest" name="testSelectByKeyword" time="0.026"/>
  <system-out/>
  <testcase classname="DAO.DAO.DAO.KhachHangDaoTest" name="testUpdate" time="0.090"/>
  <system-out/>
  <testcase classname="DAO.DAO.DAO.KhachHangDaoTest" name="testInsert" time="0.042"/>
  <system-out/>
  <testcase classname="DAO.DAO.DAO.KhachHangDaoTest" name="testSelectBySDT" time="0.066"/>
  <system-out/>
  <testcase classname="DAO.DAO.DAO.KhachHangDaoTest" name="testDelete" time="0.439"/>
  <system-out/>
</testsuite> <!-- DAO.DAO.DAO.KhachHangDaoTest -->
