<?xml version="1.0" encoding="UTF-8"?>
<!-- Generated by org.testng.reporters.JUnitReportReporter -->
<testsuite hostname="tien" failures="0" tests="1" name="DAO.DAO.DAO.loginweb" time="29.271" errors="0" timestamp="2024-04-16T08:22:04 ICT" skipped="0">
  <testcase classname="DAO.DAO.DAO.loginweb" name="setup" time="29.271"/>
  <system-out/>
</testsuite> <!-- DAO.DAO.DAO.loginweb -->
