<?xml version="1.0" encoding="UTF-8"?>
<!-- Generated by org.testng.reporters.JUnitReportReporter -->
<testsuite hostname="tien" failures="0" tests="4" name="DAO.DAO.DAO.SanPhamDaoTest" time="0.649" errors="0" timestamp="2024-04-13T20:24:20 ICT" skipped="0">
  <testcase classname="DAO.DAO.DAO.SanPhamDaoTest" name="testUpdate" time="0.057"/>
  <system-out/>
  <testcase classname="DAO.DAO.DAO.SanPhamDaoTest" name="testInsert" time="0.478"/>
  <system-out/>
  <testcase classname="DAO.DAO.DAO.SanPhamDaoTest" name="testDelete" time="0.089"/>
  <system-out/>
  <testcase classname="DAO.DAO.DAO.SanPhamDaoTest" name="testSelectById" time="0.025"/>
  <system-out/>
</testsuite> <!-- DAO.DAO.DAO.SanPhamDaoTest -->
