<?xml version="1.0" encoding="UTF-8"?>
<!-- Generated by org.testng.reporters.JUnitReportReporter -->
<testsuite hostname="tien" failures="0" tests="3" name="DAO.DAO.DAO.HoaDonDaoTest" time="0.607" errors="0" timestamp="2024-04-13T20:30:04 ICT" skipped="0">
  <testcase classname="DAO.DAO.DAO.HoaDonDaoTest" name="testUpdate" time="0.055"/>
  <system-out/>
  <testcase classname="DAO.DAO.DAO.HoaDonDaoTest" name="testDelete" time="0.085"/>
  <system-out/>
  <testcase classname="DAO.DAO.DAO.HoaDonDaoTest" name="testInsert" time="0.467"/>
  <system-out/>
</testsuite> <!-- DAO.DAO.DAO.HoaDonDaoTest -->
